ERROR - 2022-12-07 06:30:38 --> Query error: Unknown column 'm.kurikulum_id' in 'where clause' - Invalid query: SELECT * FROM e_mapel m, e_jurusan j where m.jurusan_id = j.jurusan_id AND (m.jurusan_id='0' OR m.jurusan_id='0') AND (m.jenjang_id = 0 OR m.jenjang_id = '2') AND m.mapel_induk='0' AND m.kurikulum_id='1' ORDER BY m.mapel_urut ASC
ERROR - 2022-12-07 06:30:38 --> Severity: error --> Exception: Call to a member function result() on boolean /home/u1447849/public_html/aplikasi/rdm/application/modules/guru/controllers/Walas.php 0
ERROR - 2022-12-07 06:37:22 --> Query error: Unknown column 'm.kurikulum_id' in 'where clause' - Invalid query: SELECT * FROM e_mapel m, e_jurusan j where m.jurusan_id = j.jurusan_id AND (m.jurusan_id='0' OR m.jurusan_id='0') AND (m.jenjang_id = 0 OR m.jenjang_id = '2') AND m.mapel_induk='0' AND m.kurikulum_id='1' ORDER BY m.mapel_urut ASC
ERROR - 2022-12-07 06:37:22 --> Severity: error --> Exception: Call to a member function result() on boolean /home/u1447849/public_html/aplikasi/rdm/application/modules/guru/controllers/Walas.php 0
ERROR - 2022-12-07 06:51:24 --> Query error: Unknown column 'm.kurikulum_id' in 'where clause' - Invalid query: SELECT * FROM e_mapel m, e_jurusan j where m.jurusan_id = j.jurusan_id AND (m.jurusan_id='0' OR m.jurusan_id='0') AND (m.jenjang_id = 0 OR m.jenjang_id = '2') AND m.mapel_induk='0' AND m.kurikulum_id='1' ORDER BY m.mapel_urut ASC
ERROR - 2022-12-07 06:51:24 --> Severity: error --> Exception: Call to a member function result() on boolean /home/u1447849/public_html/aplikasi/rdm/application/modules/guru/controllers/Walas.php 0
ERROR - 2022-12-07 06:51:34 --> Query error: Unknown column 'm.kurikulum_id' in 'where clause' - Invalid query: SELECT * FROM e_mapel m, e_jurusan j where m.jurusan_id = j.jurusan_id AND (m.jurusan_id='0' OR m.jurusan_id='0') AND (m.jenjang_id = 0 OR m.jenjang_id = '2') AND m.mapel_induk='0' AND m.kurikulum_id='1' ORDER BY m.mapel_urut ASC
ERROR - 2022-12-07 06:51:34 --> Severity: error --> Exception: Call to a member function result() on boolean /home/u1447849/public_html/aplikasi/rdm/application/modules/guru/controllers/Walas.php 0
ERROR - 2022-12-07 06:56:23 --> Query error: Unknown column 'kurikulum_id' in 'where clause' - Invalid query: SELECT `mapel_pilihan`
FROM `e_mapel`
WHERE `mapel_id` = '70'
AND `kurikulum_id` = '1'
ERROR - 2022-12-07 06:56:23 --> Query error: Unknown column 'kurikulum_id' in 'where clause' - Invalid query: SELECT `mapel_pilihan`
FROM `e_mapel`
WHERE `mapel_id` = '71'
AND `kurikulum_id` = '1'
ERROR - 2022-12-07 06:56:23 --> Query error: Unknown column 'kurikulum_id' in 'where clause' - Invalid query: SELECT `mapel_pilihan`
FROM `e_mapel`
WHERE `mapel_id` = '72'
AND `kurikulum_id` = '1'
ERROR - 2022-12-07 06:56:23 --> Query error: Unknown column 'kurikulum_id' in 'where clause' - Invalid query: SELECT `mapel_pilihan`
FROM `e_mapel`
WHERE `mapel_id` = '73'
AND `kurikulum_id` = '1'
ERROR - 2022-12-07 06:56:23 --> Query error: Unknown column 'kurikulum_id' in 'where clause' - Invalid query: SELECT `mapel_pilihan`
FROM `e_mapel`
WHERE `mapel_id` = '76'
AND `kurikulum_id` = '1'
ERROR - 2022-12-07 06:56:23 --> Query error: Unknown column 'kurikulum_id' in 'where clause' - Invalid query: SELECT `mapel_pilihan`
FROM `e_mapel`
WHERE `mapel_id` = '74'
AND `kurikulum_id` = '1'
ERROR - 2022-12-07 06:56:23 --> Query error: Unknown column 'kurikulum_id' in 'where clause' - Invalid query: SELECT `mapel_pilihan`
FROM `e_mapel`
WHERE `mapel_id` = '75'
AND `kurikulum_id` = '1'
ERROR - 2022-12-07 06:56:23 --> Query error: Unknown column 'kurikulum_id' in 'where clause' - Invalid query: SELECT `mapel_pilihan`
FROM `e_mapel`
WHERE `mapel_id` = '77'
AND `kurikulum_id` = '1'
ERROR - 2022-12-07 06:56:23 --> Query error: Unknown column 'kurikulum_id' in 'where clause' - Invalid query: SELECT `mapel_pilihan`
FROM `e_mapel`
WHERE `mapel_id` = '78'
AND `kurikulum_id` = '1'
ERROR - 2022-12-07 06:56:23 --> Query error: Unknown column 'kurikulum_id' in 'where clause' - Invalid query: SELECT `mapel_pilihan`
FROM `e_mapel`
WHERE `mapel_id` = '79'
AND `kurikulum_id` = '1'
ERROR - 2022-12-07 06:56:23 --> Query error: Unknown column 'kurikulum_id' in 'where clause' - Invalid query: SELECT `mapel_pilihan`
FROM `e_mapel`
WHERE `mapel_id` = '80'
AND `kurikulum_id` = '1'
ERROR - 2022-12-07 06:56:23 --> Query error: Unknown column 'kurikulum_id' in 'where clause' - Invalid query: SELECT `mapel_pilihan`
FROM `e_mapel`
WHERE `mapel_id` = '81'
AND `kurikulum_id` = '1'
ERROR - 2022-12-07 06:56:23 --> Query error: Unknown column 'kurikulum_id' in 'where clause' - Invalid query: SELECT `mapel_pilihan`
FROM `e_mapel`
WHERE `mapel_id` = '2042600000083'
AND `kurikulum_id` = '1'
ERROR - 2022-12-07 06:56:23 --> Query error: Unknown column 'kurikulum_id' in 'where clause' - Invalid query: SELECT `mapel_pilihan`
FROM `e_mapel`
WHERE `mapel_id` = '2042600000084'
AND `kurikulum_id` = '1'
ERROR - 2022-12-07 06:56:23 --> Query error: Unknown column 'kurikulum_id' in 'where clause' - Invalid query: SELECT `mapel_pilihan`
FROM `e_mapel`
WHERE `mapel_id` = '2042600000085'
AND `kurikulum_id` = '1'
ERROR - 2022-12-07 06:56:24 --> Query error: Unknown column 'm.kurikulum_id' in 'where clause' - Invalid query: SELECT * FROM e_mapel m, e_jurusan j where m.jurusan_id = j.jurusan_id AND (m.jurusan_id='0' OR m.jurusan_id='0') AND (m.jenjang_id = 0 OR m.jenjang_id = '2') AND m.mapel_induk='0' AND m.kurikulum_id='1' AND mapel_id <> '4' ORDER BY m.mapel_urut ASC
ERROR - 2022-12-07 06:56:24 --> Severity: error --> Exception: Call to a member function result() on boolean /home/u1447849/public_html/aplikasi/rdm/application/modules/guru/models/M_model.php 0
ERROR - 2022-12-07 06:59:16 --> Query error: Unknown column 'm.kurikulum_id' in 'where clause' - Invalid query: SELECT * FROM e_mapel m, e_jurusan j where m.jurusan_id = j.jurusan_id AND (m.jurusan_id='0' OR m.jurusan_id='0') AND (m.jenjang_id = 0 OR m.jenjang_id = '2') AND m.mapel_induk='0' AND m.kurikulum_id='1' ORDER BY m.mapel_urut ASC
ERROR - 2022-12-07 06:59:16 --> Severity: error --> Exception: Call to a member function result() on boolean /home/u1447849/public_html/aplikasi/rdm/application/modules/guru/controllers/Walas.php 0
ERROR - 2022-12-07 06:59:26 --> Query error: Unknown column 'm.kurikulum_id' in 'where clause' - Invalid query: SELECT * FROM e_mapel m, e_jurusan j where m.jurusan_id = j.jurusan_id AND (m.jurusan_id='0' OR m.jurusan_id='0') AND (m.jenjang_id = 0 OR m.jenjang_id = '2') AND m.mapel_induk='0' AND m.kurikulum_id='1' AND mapel_id <> '4' ORDER BY m.mapel_urut ASC
ERROR - 2022-12-07 06:59:27 --> Severity: error --> Exception: Call to a member function result() on boolean /home/u1447849/public_html/aplikasi/rdm/application/modules/guru/models/M_model.php 0
ERROR - 2022-12-07 06:59:31 --> Query error: Unknown column 'kurikulum_id' in 'where clause' - Invalid query: SELECT `mapel_pilihan`
FROM `e_mapel`
WHERE `mapel_id` = '70'
AND `kurikulum_id` = '1'
ERROR - 2022-12-07 06:59:31 --> Query error: Unknown column 'kurikulum_id' in 'where clause' - Invalid query: SELECT `mapel_pilihan`
FROM `e_mapel`
WHERE `mapel_id` = '71'
AND `kurikulum_id` = '1'
ERROR - 2022-12-07 06:59:31 --> Query error: Unknown column 'kurikulum_id' in 'where clause' - Invalid query: SELECT `mapel_pilihan`
FROM `e_mapel`
WHERE `mapel_id` = '72'
AND `kurikulum_id` = '1'
ERROR - 2022-12-07 06:59:31 --> Query error: Unknown column 'kurikulum_id' in 'where clause' - Invalid query: SELECT `mapel_pilihan`
FROM `e_mapel`
WHERE `mapel_id` = '74'
AND `kurikulum_id` = '1'
ERROR - 2022-12-07 06:59:31 --> Query error: Unknown column 'kurikulum_id' in 'where clause' - Invalid query: SELECT `mapel_pilihan`
FROM `e_mapel`
WHERE `mapel_id` = '75'
AND `kurikulum_id` = '1'
ERROR - 2022-12-07 06:59:31 --> Query error: Unknown column 'kurikulum_id' in 'where clause' - Invalid query: SELECT `mapel_pilihan`
FROM `e_mapel`
WHERE `mapel_id` = '76'
AND `kurikulum_id` = '1'
ERROR - 2022-12-07 06:59:31 --> Query error: Unknown column 'kurikulum_id' in 'where clause' - Invalid query: SELECT `mapel_pilihan`
FROM `e_mapel`
WHERE `mapel_id` = '77'
AND `kurikulum_id` = '1'
ERROR - 2022-12-07 06:59:31 --> Query error: Unknown column 'kurikulum_id' in 'where clause' - Invalid query: SELECT `mapel_pilihan`
FROM `e_mapel`
WHERE `mapel_id` = '80'
AND `kurikulum_id` = '1'
ERROR - 2022-12-07 06:59:31 --> Query error: Unknown column 'kurikulum_id' in 'where clause' - Invalid query: SELECT `mapel_pilihan`
FROM `e_mapel`
WHERE `mapel_id` = '81'
AND `kurikulum_id` = '1'
ERROR - 2022-12-07 06:59:31 --> Query error: Unknown column 'kurikulum_id' in 'where clause' - Invalid query: SELECT `mapel_pilihan`
FROM `e_mapel`
WHERE `mapel_id` = '2042600000083'
AND `kurikulum_id` = '1'
ERROR - 2022-12-07 06:59:31 --> Query error: Unknown column 'kurikulum_id' in 'where clause' - Invalid query: SELECT `mapel_pilihan`
FROM `e_mapel`
WHERE `mapel_id` = '2042600000084'
AND `kurikulum_id` = '1'
ERROR - 2022-12-07 06:59:31 --> Query error: Unknown column 'kurikulum_id' in 'where clause' - Invalid query: SELECT `mapel_pilihan`
FROM `e_mapel`
WHERE `mapel_id` = '2042600000085'
AND `kurikulum_id` = '1'
ERROR - 2022-12-07 06:59:31 --> Query error: Unknown column 'm.kurikulum_id' in 'where clause' - Invalid query: SELECT * FROM e_mapel m, e_jurusan j where m.jurusan_id = j.jurusan_id AND (m.jurusan_id='0' OR m.jurusan_id='0') AND (m.jenjang_id = 0 OR m.jenjang_id = '2') AND m.mapel_induk='0' AND m.kurikulum_id='1' AND mapel_id <> '4' ORDER BY m.mapel_urut ASC
ERROR - 2022-12-07 06:59:31 --> Severity: error --> Exception: Call to a member function result() on boolean /home/u1447849/public_html/aplikasi/rdm/application/modules/guru/models/M_model.php 0
ERROR - 2022-12-07 06:59:52 --> Query error: Unknown column 'm.kurikulum_id' in 'where clause' - Invalid query: SELECT * FROM e_mapel m, e_jurusan j where m.jurusan_id = j.jurusan_id AND (m.jurusan_id='0' OR m.jurusan_id='0') AND (m.jenjang_id = 0 OR m.jenjang_id = '2') AND m.mapel_induk='0' AND m.kurikulum_id='1' ORDER BY m.mapel_urut ASC
ERROR - 2022-12-07 06:59:52 --> Severity: error --> Exception: Call to a member function result() on boolean /home/u1447849/public_html/aplikasi/rdm/application/modules/guru/controllers/Walas.php 0
ERROR - 2022-12-07 07:01:52 --> Query error: Unknown column 'm.kurikulum_id' in 'where clause' - Invalid query: SELECT * FROM e_mapel m, e_jurusan j where m.jurusan_id = j.jurusan_id AND (m.jurusan_id='0' OR m.jurusan_id='0') AND (m.jenjang_id = 0 OR m.jenjang_id = '2') AND m.mapel_induk='0' AND m.kurikulum_id='1' ORDER BY m.mapel_urut ASC
ERROR - 2022-12-07 07:01:52 --> Severity: error --> Exception: Call to a member function result() on boolean /home/u1447849/public_html/aplikasi/rdm/application/modules/guru/controllers/Walas.php 0
ERROR - 2022-12-07 07:02:09 --> Query error: Unknown column 'm.kurikulum_id' in 'where clause' - Invalid query: SELECT * FROM e_mapel m, e_jurusan j where m.jurusan_id = j.jurusan_id AND (m.jurusan_id='0' OR m.jurusan_id='0') AND (m.jenjang_id = 0 OR m.jenjang_id = '2') AND m.mapel_induk='0' AND m.kurikulum_id='1' ORDER BY m.mapel_urut ASC
ERROR - 2022-12-07 07:02:09 --> Severity: error --> Exception: Call to a member function result() on boolean /home/u1447849/public_html/aplikasi/rdm/application/modules/guru/controllers/Walas.php 0
ERROR - 2022-12-07 07:02:15 --> Query error: Unknown column 'm.kurikulum_id' in 'where clause' - Invalid query: SELECT * FROM e_mapel m, e_jurusan j where m.jurusan_id = j.jurusan_id AND (m.jurusan_id='0' OR m.jurusan_id='0') AND (m.jenjang_id = 0 OR m.jenjang_id = '2') AND m.mapel_induk='0' AND m.kurikulum_id='1' ORDER BY m.mapel_urut ASC
ERROR - 2022-12-07 07:02:15 --> Severity: error --> Exception: Call to a member function result() on boolean /home/u1447849/public_html/aplikasi/rdm/application/modules/guru/controllers/Walas.php 0
ERROR - 2022-12-07 07:21:46 --> Query error: Unknown column 'm.kurikulum_id' in 'where clause' - Invalid query: SELECT * FROM e_mapel m, e_jurusan j where m.jurusan_id = j.jurusan_id AND (m.jurusan_id='0' OR m.jurusan_id='0') AND (m.jenjang_id = 0 OR m.jenjang_id = '2') AND m.mapel_induk='0' AND m.kurikulum_id='1' ORDER BY m.mapel_urut ASC
ERROR - 2022-12-07 07:21:46 --> Severity: error --> Exception: Call to a member function result() on boolean /home/u1447849/public_html/aplikasi/rdm/application/modules/guru/controllers/Walas.php 0
ERROR - 2022-12-07 07:23:07 --> Query error: Unknown column 'm.kurikulum_id' in 'where clause' - Invalid query: SELECT * FROM e_mapel m, e_jurusan j where m.jurusan_id = j.jurusan_id AND (m.jurusan_id='0' OR m.jurusan_id='0') AND (m.jenjang_id = 0 OR m.jenjang_id = '2') AND m.mapel_induk='0' AND m.kurikulum_id='1' ORDER BY m.mapel_urut ASC
ERROR - 2022-12-07 07:23:07 --> Severity: error --> Exception: Call to a member function result() on boolean /home/u1447849/public_html/aplikasi/rdm/application/modules/guru/controllers/Walas.php 0
ERROR - 2022-12-07 07:25:11 --> Query error: Unknown column 'm.kurikulum_id' in 'where clause' - Invalid query: SELECT * FROM e_mapel m, e_jurusan j where m.jurusan_id = j.jurusan_id AND (m.jurusan_id='0' OR m.jurusan_id='0') AND (m.jenjang_id = 0 OR m.jenjang_id = '2') AND m.mapel_induk='0' AND m.kurikulum_id='1' ORDER BY m.mapel_urut ASC
ERROR - 2022-12-07 07:25:11 --> Severity: error --> Exception: Call to a member function result() on boolean /home/u1447849/public_html/aplikasi/rdm/application/modules/guru/controllers/Walas.php 0
ERROR - 2022-12-07 07:27:33 --> Query error: Unknown column 'm.kurikulum_id' in 'where clause' - Invalid query: SELECT * FROM e_mapel m, e_jurusan j where m.jurusan_id = j.jurusan_id AND (m.jurusan_id='0' OR m.jurusan_id='0') AND (m.jenjang_id = 0 OR m.jenjang_id = '2') AND m.mapel_induk='0' AND m.kurikulum_id='1' ORDER BY m.mapel_urut ASC
ERROR - 2022-12-07 07:27:33 --> Severity: error --> Exception: Call to a member function result() on boolean /home/u1447849/public_html/aplikasi/rdm/application/modules/guru/controllers/Walas.php 0
ERROR - 2022-12-07 07:27:43 --> Query error: Unknown column 'm.kurikulum_id' in 'where clause' - Invalid query: SELECT * FROM e_mapel m, e_jurusan j where m.jurusan_id = j.jurusan_id AND (m.jurusan_id='0' OR m.jurusan_id='0') AND (m.jenjang_id = 0 OR m.jenjang_id = '2') AND m.mapel_induk='0' AND m.kurikulum_id='1' ORDER BY m.mapel_urut ASC
ERROR - 2022-12-07 07:27:43 --> Severity: error --> Exception: Call to a member function result() on boolean /home/u1447849/public_html/aplikasi/rdm/application/modules/guru/controllers/Walas.php 0
ERROR - 2022-12-07 08:11:57 --> Query error: Unknown column 'm.kurikulum_id' in 'where clause' - Invalid query: SELECT * FROM e_mapel m, e_jurusan j where m.jurusan_id = j.jurusan_id AND (m.jurusan_id='0' OR m.jurusan_id='0') AND (m.jenjang_id = 0 OR m.jenjang_id = '2') AND m.mapel_induk='0' AND m.kurikulum_id='1' AND mapel_id <> '4' ORDER BY m.mapel_urut ASC
ERROR - 2022-12-07 08:11:57 --> Severity: error --> Exception: Call to a member function result() on boolean /home/u1447849/public_html/aplikasi/rdm/application/modules/guru/models/M_model.php 0
ERROR - 2022-12-07 08:12:08 --> Query error: Unknown column 'm.kurikulum_id' in 'where clause' - Invalid query: SELECT * FROM e_mapel m, e_jurusan j where m.jurusan_id = j.jurusan_id AND (m.jurusan_id='0' OR m.jurusan_id='0') AND (m.jenjang_id = 0 OR m.jenjang_id = '2') AND m.mapel_induk='0' AND m.kurikulum_id='1' ORDER BY m.mapel_urut ASC
ERROR - 2022-12-07 08:12:08 --> Severity: error --> Exception: Call to a member function result() on boolean /home/u1447849/public_html/aplikasi/rdm/application/modules/guru/controllers/Walas.php 0
ERROR - 2022-12-07 08:20:54 --> Query error: Duplicate entry 'RXdPSlZGN2lPS3h1cXBFNklLTmZWQT09OmJUUmtjalJ6TkdoaU1YTTBaREJ1T...' for key 'lembaga_id' - Invalid query: ALTER TABLE `e_siswa` ADD UNIQUE KEY `lembaga_id` (`lembaga_id`,`siswa_nis`);
ERROR - 2022-12-07 08:20:54 --> Query error: Duplicate entry '2021-1-74-2021100000000000007-5-PH 1' for key 'tahunajaran_id' - Invalid query: ALTER TABLE `e_komponennilai` ADD UNIQUE KEY `tahunajaran_id` (`tahunajaran_id`,`semester_id`,`mapel_id`,`kelas_id`,`jenisnilai_id`,`komponennilai_nama`);
ERROR - 2022-12-07 08:21:41 --> Query error: Duplicate entry 'RXdPSlZGN2lPS3h1cXBFNklLTmZWQT09OmJUUmtjalJ6TkdoaU1YTTBaREJ1T...' for key 'lembaga_id' - Invalid query: ALTER TABLE `e_siswa` ADD UNIQUE KEY `lembaga_id` (`lembaga_id`,`siswa_nis`);
ERROR - 2022-12-07 08:21:41 --> Query error: Duplicate entry '2021-1-74-2021100000000000007-5-PH 1' for key 'tahunajaran_id' - Invalid query: ALTER TABLE `e_komponennilai` ADD UNIQUE KEY `tahunajaran_id` (`tahunajaran_id`,`semester_id`,`mapel_id`,`kelas_id`,`jenisnilai_id`,`komponennilai_nama`);
ERROR - 2022-12-07 08:24:57 --> Query error: Duplicate entry 'RXdPSlZGN2lPS3h1cXBFNklLTmZWQT09OmJUUmtjalJ6TkdoaU1YTTBaREJ1T...' for key 'lembaga_id' - Invalid query: ALTER TABLE `e_siswa` ADD UNIQUE KEY `lembaga_id` (`lembaga_id`,`siswa_nis`);
ERROR - 2022-12-07 08:24:57 --> Query error: Duplicate entry '2021-1-74-2021100000000000007-5-PH 1' for key 'tahunajaran_id' - Invalid query: ALTER TABLE `e_komponennilai` ADD UNIQUE KEY `tahunajaran_id` (`tahunajaran_id`,`semester_id`,`mapel_id`,`kelas_id`,`jenisnilai_id`,`komponennilai_nama`);
ERROR - 2022-12-07 08:25:47 --> Query error: Duplicate entry 'RXdPSlZGN2lPS3h1cXBFNklLTmZWQT09OmJUUmtjalJ6TkdoaU1YTTBaREJ1T...' for key 'lembaga_id' - Invalid query: ALTER TABLE `e_siswa` ADD UNIQUE KEY `lembaga_id` (`lembaga_id`,`siswa_nis`);
ERROR - 2022-12-07 08:25:47 --> Query error: Duplicate entry '2021-1-74-2021100000000000007-5-PH 1' for key 'tahunajaran_id' - Invalid query: ALTER TABLE `e_komponennilai` ADD UNIQUE KEY `tahunajaran_id` (`tahunajaran_id`,`semester_id`,`mapel_id`,`kelas_id`,`jenisnilai_id`,`komponennilai_nama`);
